-------------------------------------------------------------------------------
Test set: com.aventureros.tests.LoginTest
-------------------------------------------------------------------------------
Tests run: 6, Failures: 2, Errors: 0, Skipped: 0, Time elapsed: 8.020 s <<< FAILURE! -- in com.aventureros.tests.LoginTest
com.aventureros.tests.LoginTest.loginExitosoAdmin -- Time elapsed: 1.855 s <<< FAILURE!
org.opentest4j.AssertionFailedError: Tras login de admin debe redirigir a /procesos. URL actual: http://localhost:4200/empleados ==> expected: <true> but was: <false>
	at org.junit.jupiter.api.AssertionFailureBuilder.build(AssertionFailureBuilder.java:151)
	at org.junit.jupiter.api.AssertionFailureBuilder.buildAndThrow(AssertionFailureBuilder.java:132)
	at org.junit.jupiter.api.AssertTrue.failNotTrue(AssertTrue.java:63)
	at org.junit.jupiter.api.AssertTrue.assertTrue(AssertTrue.java:36)
	at org.junit.jupiter.api.Assertions.assertTrue(Assertions.java:214)
	at com.aventureros.tests.LoginTest.loginExitosoAdmin(LoginTest.java:43)
	at java.base/java.lang.reflect.Method.invoke(Method.java:580)
	at java.base/java.util.ArrayList.forEach(ArrayList.java:1596)
	at java.base/java.util.ArrayList.forEach(ArrayList.java:1596)

com.aventureros.tests.LoginTest.botonLoginDeshabilitadoSinDatos -- Time elapsed: 0.629 s <<< FAILURE!
org.opentest4j.AssertionFailedError: El botón de login debe estar deshabilitado si no hay datos ingresados ==> expected: <false> but was: <true>
	at org.junit.jupiter.api.AssertionFailureBuilder.build(AssertionFailureBuilder.java:151)
	at org.junit.jupiter.api.AssertionFailureBuilder.buildAndThrow(AssertionFailureBuilder.java:132)
	at org.junit.jupiter.api.AssertFalse.failNotFalse(AssertFalse.java:63)
	at org.junit.jupiter.api.AssertFalse.assertFalse(AssertFalse.java:36)
	at org.junit.jupiter.api.Assertions.assertFalse(Assertions.java:239)
	at com.aventureros.tests.LoginTest.botonLoginDeshabilitadoSinDatos(LoginTest.java:71)
	at java.base/java.lang.reflect.Method.invoke(Method.java:580)
	at java.base/java.util.ArrayList.forEach(ArrayList.java:1596)
	at java.base/java.util.ArrayList.forEach(ArrayList.java:1596)

