-------------------------------------------------------------------------------
Test set: com.aventureros.tests.MensajesTest
-------------------------------------------------------------------------------
Tests run: 5, Failures: 1, Errors: 0, Skipped: 0, Time elapsed: 40.37 s <<< FAILURE! -- in com.aventureros.tests.MensajesTest
com.aventureros.tests.MensajesTest.lanzarMensajeThrow -- Time elapsed: 9.229 s <<< FAILURE!
org.opentest4j.AssertionFailedError: Debe mostrarse el resultado del lanzamiento tras lanzar el mensaje ==> expected: <true> but was: <false>
	at org.junit.jupiter.api.AssertionFailureBuilder.build(AssertionFailureBuilder.java:151)
	at org.junit.jupiter.api.AssertionFailureBuilder.buildAndThrow(AssertionFailureBuilder.java:132)
	at org.junit.jupiter.api.AssertTrue.failNotTrue(AssertTrue.java:63)
	at org.junit.jupiter.api.AssertTrue.assertTrue(AssertTrue.java:36)
	at org.junit.jupiter.api.Assertions.assertTrue(Assertions.java:214)
	at com.aventureros.tests.MensajesTest.lanzarMensajeThrow(MensajesTest.java:127)
	at java.base/java.lang.reflect.Method.invoke(Method.java:580)
	at java.base/java.util.ArrayList.forEach(ArrayList.java:1596)
	at java.base/java.util.ArrayList.forEach(ArrayList.java:1596)

