-------------------------------------------------------------------------------
Test set: com.aventureros.tests.ActividadesTest
-------------------------------------------------------------------------------
Tests run: 3, Failures: 0, Errors: 2, Skipped: 0, Time elapsed: 29.96 s <<< FAILURE! -- in com.aventureros.tests.ActividadesTest
com.aventureros.tests.ActividadesTest.crearActividad -- Time elapsed: 16.48 s <<< ERROR!
org.openqa.selenium.TimeoutException: 
Expected condition failed: waiting for element to be clickable: By.cssSelector: .modal-box .btn-primary (tried for 15 second(s) with 500 milliseconds interval)
Build info: version: '4.18.1', revision: 'b1d3319b48'
System info: os.name: 'Windows 11', os.arch: 'amd64', os.version: '10.0', java.version: '21.0.5'
Driver info: org.openqa.selenium.chrome.ChromeDriver
Capabilities {acceptInsecureCerts: false, browserName: chrome, browserVersion: 148.0.7778.218, chrome: {chromedriverVersion: 148.0.7778.178 (d096af1c9e9..., userDataDir: C:\Users\DELL\AppData\Local...}, fedcm:accounts: true, goog:chromeOptions: {debuggerAddress: localhost:52449}, goog:processID: 8008, networkConnectionEnabled: false, pageLoadStrategy: normal, platformName: windows, proxy: Proxy(), se:cdp: ws://localhost:52449/devtoo..., se:cdpVersion: 148.0.7778.218, setWindowRect: true, strictFileInteractability: false, timeouts: {implicit: 0, pageLoad: 300000, script: 30000}, unhandledPromptBehavior: dismiss and notify, webauthn:extension:credBlob: true, webauthn:extension:largeBlob: true, webauthn:extension:minPinLength: true, webauthn:extension:prf: true, webauthn:virtualAuthenticators: true}
Session ID: 11344f4c3fc0a0e63e5c90ca1e9c4299
	at org.openqa.selenium.support.ui.WebDriverWait.timeoutException(WebDriverWait.java:84)
	at org.openqa.selenium.support.ui.FluentWait.until(FluentWait.java:228)
	at com.aventureros.pages.BasePage.click(BasePage.java:48)
	at com.aventureros.pages.ActividadesPage.crearActividad(ActividadesPage.java:58)
	at com.aventureros.tests.ActividadesTest.crearActividad(ActividadesTest.java:108)
	at java.base/java.lang.reflect.Method.invoke(Method.java:580)
	at java.base/java.util.ArrayList.forEach(ArrayList.java:1596)
	at java.base/java.util.ArrayList.forEach(ArrayList.java:1596)

com.aventureros.tests.ActividadesTest.volverAProcesos -- Time elapsed: 1.241 s <<< ERROR!
org.openqa.selenium.ElementClickInterceptedException: 
element click intercepted: Element <button _ngcontent-ng-c2914459230="" class="btn-back">...</button> is not clickable at point (412, 113). Other element would receive the click: <div _ngcontent-ng-c2914459230="" class="modal-body">...</div>
  (Session info: chrome=148.0.7778.218)
Build info: version: '4.18.1', revision: 'b1d3319b48'
System info: os.name: 'Windows 11', os.arch: 'amd64', os.version: '10.0', java.version: '21.0.5'
Driver info: org.openqa.selenium.chrome.ChromeDriver
Command: [11344f4c3fc0a0e63e5c90ca1e9c4299, clickElement {id=f.4D73CD2C8146E47042BCFBE24D7D81CD.d.C416F971031526C12960F1571A3DDBDB.e.71}]
Capabilities {acceptInsecureCerts: false, browserName: chrome, browserVersion: 148.0.7778.218, chrome: {chromedriverVersion: 148.0.7778.178 (d096af1c9e9..., userDataDir: C:\Users\DELL\AppData\Local...}, fedcm:accounts: true, goog:chromeOptions: {debuggerAddress: localhost:52449}, goog:processID: 8008, networkConnectionEnabled: false, pageLoadStrategy: normal, platformName: windows, proxy: Proxy(), se:cdp: ws://localhost:52449/devtoo..., se:cdpVersion: 148.0.7778.218, setWindowRect: true, strictFileInteractability: false, timeouts: {implicit: 0, pageLoad: 300000, script: 30000}, unhandledPromptBehavior: dismiss and notify, webauthn:extension:credBlob: true, webauthn:extension:largeBlob: true, webauthn:extension:minPinLength: true, webauthn:extension:prf: true, webauthn:virtualAuthenticators: true}
Element: [[ChromeDriver: chrome on windows (11344f4c3fc0a0e63e5c90ca1e9c4299)] -> css selector: .btn-back]
Session ID: 11344f4c3fc0a0e63e5c90ca1e9c4299
	at java.base/jdk.internal.reflect.DirectConstructorHandleAccessor.newInstance(DirectConstructorHandleAccessor.java:62)
	at java.base/java.lang.reflect.Constructor.newInstanceWithCaller(Constructor.java:502)
	at java.base/java.lang.reflect.Constructor.newInstance(Constructor.java:486)
	at org.openqa.selenium.remote.ErrorCodec.decode(ErrorCodec.java:167)
	at org.openqa.selenium.remote.codec.w3c.W3CHttpResponseCodec.decode(W3CHttpResponseCodec.java:138)
	at org.openqa.selenium.remote.codec.w3c.W3CHttpResponseCodec.decode(W3CHttpResponseCodec.java:50)
	at org.openqa.selenium.remote.HttpCommandExecutor.execute(HttpCommandExecutor.java:190)
	at org.openqa.selenium.remote.service.DriverCommandExecutor.invokeExecute(DriverCommandExecutor.java:216)
	at org.openqa.selenium.remote.service.DriverCommandExecutor.execute(DriverCommandExecutor.java:174)
	at org.openqa.selenium.remote.RemoteWebDriver.execute(RemoteWebDriver.java:519)
	at org.openqa.selenium.remote.RemoteWebElement.execute(RemoteWebElement.java:223)
	at org.openqa.selenium.remote.RemoteWebElement.click(RemoteWebElement.java:76)
	at com.aventureros.pages.BasePage.click(BasePage.java:48)
	at com.aventureros.pages.ActividadesPage.volverAProcesos(ActividadesPage.java:44)
	at com.aventureros.tests.ActividadesTest.volverAProcesos(ActividadesTest.java:118)
	at java.base/java.lang.reflect.Method.invoke(Method.java:580)
	at java.base/java.util.ArrayList.forEach(ArrayList.java:1596)
	at java.base/java.util.ArrayList.forEach(ArrayList.java:1596)

